[2023-10-09 02:19:45]	New chat room started: 2752b154-b028-4823-ab22-9988dbd43beb[2023-10-09 02:19:45]	From room 2752b154-b028-4823-ab22-9988dbd43beb
 Received message \{1\}[2023-10-09 02:19:45]	To room 2752b154-b028-4823-ab22-9988dbd43beb
 Reply message \{Null\}[2023-10-09 02:19:45]	From room 2752b154-b028-4823-ab22-9988dbd43beb
 Received message \{2\}[2023-10-09 02:19:46]	To room 2752b154-b028-4823-ab22-9988dbd43beb
 Reply message \{Null\}[2023-10-09 02:19:46]	From room 2752b154-b028-4823-ab22-9988dbd43beb
 Received message \{'''   PREFIX ddis: <http://ddis.ch/atai/>     PREFIX wd: <http://www.wikidata.org/entity/>     PREFIX wdt: <http://www.wikidata.org/prop/direct/>     PREFIX schema: <http://schema.org/>         SELECT ?lbl WHERE {        ?movie wdt:P31 wd:Q11424 .        ?movie ddis:rating ?rating .        ?movie rdfs:label ?lbl .    }    ORDER BY ASC(?rating)     LIMIT 1       ''' \}[2023-10-09 02:19:47]	To room 2752b154-b028-4823-ab22-9988dbd43beb
 Reply message \{['Vampire Assassin']\}[2023-10-09 02:19:47]	New chat room started: 6b97805a-e46b-40a6-955b-60ec30022bbd[2023-10-09 02:19:47]	From room 6b97805a-e46b-40a6-955b-60ec30022bbd
 Received message \{'''   PREFIX ddis: <http://ddis.ch/atai/>     PREFIX wd: <http://www.wikidata.org/entity/>     PREFIX wdt: <http://www.wikidata.org/prop/direct/>     PREFIX schema: <http://schema.org/>         SELECT ?lbl WHERE {        ?movie wdt:P31 wd:Q11424 .        ?movie ddis:rating ?rating .        ?movie rdfs:label ?lbl .    }    ORDER BY ASC(?rating)     LIMIT 1       ''' \}[2023-10-09 02:19:48]	To room 6b97805a-e46b-40a6-955b-60ec30022bbd
 Reply message \{['Vampire Assassin']\}[2023-10-09 02:19:48]	From room 6b97805a-e46b-40a6-955b-60ec30022bbd
 Received message \{'''   PREFIX ddis: <http://ddis.ch/atai/>     PREFIX wd: <http://www.wikidata.org/entity/>     PREFIX wdt: <http://www.wikidata.org/prop/direct/>     PREFIX schema: <http://schema.org/>         SELECT ?lbl WHERE {        ?movie wdt:P31 wd:Q11424 .        ?movie ddis:rating ?rating .        ?movie rdfs:label ?lbl .    }    ORDER BY ASC(?rating)     LIMIT 1       ''' \}[2023-10-09 02:19:49]	To room 6b97805a-e46b-40a6-955b-60ec30022bbd
 Reply message \{['Vampire Assassin']\}[2023-10-09 02:19:49]	From room 6b97805a-e46b-40a6-955b-60ec30022bbd
 Received message \{'''    PREFIX ddis: <http://ddis.ch/atai/>     PREFIX wd: <http://www.wikidata.org/entity/>     PREFIX wdt: <http://www.wikidata.org/prop/direct/>     PREFIX schema: <http://schema.org/>         SELECT ?lbl WHERE {        ?movie wdt:P31 wd:Q11424 .        ?movie ddis:rating ?rating .        ?movie rdfs:label ?lbl .    }    ORDER BY DESC(?rating)     LIMIT 1       ''' \}[2023-10-09 02:19:50]	To room 6b97805a-e46b-40a6-955b-60ec30022bbd
 Reply message \{['Forrest Gump']\}[2023-10-09 02:19:50]	New chat room started: 6e471e4f-b436-446f-b373-a1c38ecaba94[2023-10-09 02:20:01]	From room 6e471e4f-b436-446f-b373-a1c38ecaba94
 Received message \{'''    PREFIX ddis: <http://ddis.ch/atai/>     PREFIX wd: <http://www.wikidata.org/entity/>     PREFIX wdt: <http://www.wikidata.org/prop/direct/>     PREFIX schema: <http://schema.org/>         SELECT ?lbl WHERE {        ?movie wdt:P31 wd:Q11424 .        ?movie ddis:rating ?rating .        ?movie rdfs:label ?lbl .    }    ORDER BY DESC(?rating)     LIMIT 1       ''' \}[2023-10-09 02:20:01]	To room 6e471e4f-b436-446f-b373-a1c38ecaba94
 Reply message \{['Forrest Gump']\}[2023-10-09 02:20:13]	From room 6e471e4f-b436-446f-b373-a1c38ecaba94
 Received message \{'''   PREFIX ddis: <http://ddis.ch/atai/>     PREFIX wd: <http://www.wikidata.org/entity/>     PREFIX wdt: <http://www.wikidata.org/prop/direct/>     PREFIX schema: <http://schema.org/>         SELECT ?lbl WHERE {        ?movie wdt:P31 wd:Q11424 .        ?movie ddis:rating ?rating .        ?movie rdfs:label ?lbl .    }    ORDER BY ASC(?rating)     LIMIT 1       ''' \}[2023-10-09 02:20:13]	To room 6e471e4f-b436-446f-b373-a1c38ecaba94
 Reply message \{['Vampire Assassin']\}[2023-10-09 02:20:29]	From room 6e471e4f-b436-446f-b373-a1c38ecaba94
 Received message \{'''    PREFIX ddis: <http://ddis.ch/atai/>     PREFIX wd: <http://www.wikidata.org/entity/>     PREFIX wdt: <http://www.wikidata.org/prop/direct/>     PREFIX schema: <http://schema.org/>         SELECT ?director WHERE {        ?movie rdfs:label "Apocalypse Now"@en .            ?movie wdt:P57 ?directorItem .       ?directorItem rdfs:label ?director .   }    LIMIT 1   ¡®¡¯¡¯ \}[2023-10-09 02:20:29]	To room 6e471e4f-b436-446f-b373-a1c38ecaba94
 Reply message \{Null\}[2023-10-09 02:20:45]	From room 6e471e4f-b436-446f-b373-a1c38ecaba94
 Received message \{'''    PREFIX ddis: <http://ddis.ch/atai/>     PREFIX wd: <http://www.wikidata.org/entity/>     PREFIX wdt: <http://www.wikidata.org/prop/direct/>     PREFIX schema: <http://schema.org/>         SELECT ?director WHERE {        ?movie rdfs:label "Apocalypse Now"@en .            ?movie wdt:P57 ?directorItem .       ?directorItem rdfs:label ?director .   }    LIMIT 1   ¡®¡¯¡®\}[2023-10-09 02:20:45]	To room 6e471e4f-b436-446f-b373-a1c38ecaba94
 Reply message \{Null\}[2023-10-09 02:21:07]	From room 6e471e4f-b436-446f-b373-a1c38ecaba94
 Received message \{'''    PREFIX ddis: <http://ddis.ch/atai/>     PREFIX wd: <http://www.wikidata.org/entity/>     PREFIX wdt: <http://www.wikidata.org/prop/direct/>     PREFIX schema: <http://schema.org/>         SELECT ?director WHERE {        ?movie rdfs:label "Apocalypse Now"@en .            ?movie wdt:P57 ?directorItem .       ?directorItem rdfs:label ?director .   }    LIMIT 1   '''\}[2023-10-09 02:21:07]	To room 6e471e4f-b436-446f-b373-a1c38ecaba94
 Reply message \{['Francis Ford Coppola']\}[2023-10-09 02:21:28]	From room 6e471e4f-b436-446f-b373-a1c38ecaba94
 Received message \{PREFIX ddis: <http://ddis.ch/atai/>     PREFIX wd: <http://www.wikidata.org/entity/>     PREFIX wdt: <http://www.wikidata.org/prop/direct/>     PREFIX schema: <http://schema.org/>         SELECT ?director WHERE {        ?movie rdfs:label "Apocalypse Now"@en .            ?movie wdt:P57 ?directorItem .       ?directorItem rdfs:label ?director .   }    LIMIT 1 \}[2023-10-09 02:21:28]	To room 6e471e4f-b436-446f-b373-a1c38ecaba94
 Reply message \{['Francis Ford Coppola']\}